26-11-2024 11:53:23,787-06:00 [main] INFO  c.ebac.modulo65.Modulo65Application - Starting Modulo65Application using Java 17.0.11 with PID 18620 (C:\Users\bladi\OneDrive\Documentos\Documentos BCL\Cursos\Full-Stack\Desarrollador JAVA (EBAC)\Módulos\Códigos\Módulo 65\2_MCREST\target\classes started by bladi in C:\Users\bladi\OneDrive\Documentos\Documentos BCL\Cursos\Full-Stack\Desarrollador JAVA (EBAC)\Módulos\Códigos\Módulo 65\2_MCREST)
26-11-2024 11:53:23,795-06:00 [main] INFO  c.ebac.modulo65.Modulo65Application - The following 1 profile is active: "dev"
26-11-2024 11:53:31,519-06:00 [main] INFO  c.ebac.modulo65.Modulo65Application - Started Modulo65Application in 8.379 seconds (process running for 9.432)
26-11-2024 11:54:53,370-06:00 [http-nio-8080-exec-1] INFO  c.e.m.controller.UsuarioController - Obteniendo Usuario por id 2
26-11-2024 11:55:22,540-06:00 [http-nio-8080-exec-5] INFO  c.e.m.controller.UsuarioController - Obteniendo Lista de Usuarios
26-11-2024 11:55:39,927-06:00 [http-nio-8080-exec-6] INFO  c.e.m.controller.UsuarioController - Agregando Nuevo Usuario
26-11-2024 11:55:54,486-06:00 [http-nio-8080-exec-9] INFO  c.e.m.controller.UsuarioController - Obteniendo Lista de Usuarios
26-11-2024 11:56:06,030-06:00 [http-nio-8080-exec-10] INFO  c.e.m.controller.UsuarioController - Actualizando Usuario por id 12
26-11-2024 11:56:13,050-06:00 [http-nio-8080-exec-3] INFO  c.e.m.controller.UsuarioController - Eliminando Usuario por id 12
26-11-2024 11:56:18,477-06:00 [http-nio-8080-exec-7] INFO  c.e.m.controller.UsuarioController - Obteniendo Lista de Usuarios
26-11-2024 11:56:31,167-06:00 [http-nio-8080-exec-4] INFO  c.e.m.controller.UsuarioController - Agregando Nuevo Usuario
26-11-2024 11:56:43,174-06:00 [http-nio-8080-exec-8] INFO  c.e.m.controller.UsuarioController - Obteniendo Usuario por id 6
26-11-2024 11:56:57,674-06:00 [http-nio-8080-exec-2] INFO  c.e.m.controller.TelefonoController - Obteniendo Lista de Telefonos
26-11-2024 11:57:19,118-06:00 [http-nio-8080-exec-1] INFO  c.e.m.controller.UsuarioController - Obteniendo Lista de Usuarios
26-11-2024 11:57:27,534-06:00 [http-nio-8080-exec-5] INFO  c.e.m.controller.TelefonoController - Obteniendo Telefono por id 2
26-11-2024 11:57:31,726-06:00 [http-nio-8080-exec-6] INFO  c.e.m.controller.TelefonoController - Obteniendo Telefono por id 8
26-11-2024 11:57:41,747-06:00 [http-nio-8080-exec-9] INFO  c.e.m.controller.TelefonoController - Agregando Nuevo Telefono
26-11-2024 11:57:49,313-06:00 [http-nio-8080-exec-10] INFO  c.e.m.controller.TelefonoController - Agregando Nuevo Telefono
26-11-2024 11:58:27,112-06:00 [http-nio-8080-exec-3] INFO  c.e.m.controller.TelefonoController - Actualizando Telefono por id 1
26-11-2024 11:58:29,847-06:00 [http-nio-8080-exec-7] INFO  c.e.m.controller.TelefonoController - Obteniendo Lista de Telefonos
26-11-2024 11:58:56,052-06:00 [http-nio-8080-exec-4] INFO  c.e.m.controller.TelefonoController - Agregando Nuevo Telefono
26-11-2024 11:58:59,465-06:00 [http-nio-8080-exec-8] INFO  c.e.m.controller.TelefonoController - Obteniendo Lista de Telefonos
26-11-2024 11:59:14,072-06:00 [http-nio-8080-exec-2] INFO  c.e.m.controller.TelefonoController - Eliminado Telefono por id 6
26-11-2024 11:59:16,710-06:00 [http-nio-8080-exec-1] INFO  c.e.m.controller.TelefonoController - Obteniendo Lista de Telefonos
26-11-2024 12:13:59,621-06:00 [http-nio-8080-exec-6] INFO  c.e.m.controller.UsuarioController - Obteniendo Lista de Usuarios
26-11-2024 12:14:10,218-06:00 [http-nio-8080-exec-10] INFO  c.e.m.controller.UsuarioController - Obteniendo Usuario por id 2
26-11-2024 12:14:21,203-06:00 [http-nio-8080-exec-7] INFO  c.e.m.controller.UsuarioController - Agregando Nuevo Usuario
26-11-2024 12:14:39,689-06:00 [http-nio-8080-exec-8] INFO  c.e.m.controller.UsuarioController - Actualizando Usuario por id 13
26-11-2024 12:14:56,494-06:00 [http-nio-8080-exec-1] INFO  c.e.m.controller.UsuarioController - Eliminando Usuario por id 13
26-11-2024 12:39:47,135-06:00 [http-nio-8080-exec-6] INFO  c.e.m.controller.UsuarioController - Obteniendo Lista de Usuarios
26-11-2024 12:40:02,059-06:00 [http-nio-8080-exec-10] INFO  c.e.m.controller.UsuarioController - Obteniendo Usuario por id 2
26-11-2024 12:40:13,286-06:00 [http-nio-8080-exec-7] INFO  c.e.m.controller.UsuarioController - Agregando Nuevo Usuario
26-11-2024 12:40:33,905-06:00 [http-nio-8080-exec-8] INFO  c.e.m.controller.UsuarioController - Actualizando Usuario por id 14
26-11-2024 12:40:53,617-06:00 [http-nio-8080-exec-1] INFO  c.e.m.controller.UsuarioController - Eliminando Usuario por id 14
26-11-2024 12:41:08,092-06:00 [http-nio-8080-exec-9] INFO  c.e.m.controller.UsuarioController - Obteniendo Lista de Usuarios
26-11-2024 13:00:26,026-06:00 [main] INFO  c.ebac.modulo65.Modulo65Application - Starting Modulo65Application using Java 17.0.11 with PID 11796 (C:\Users\bladi\OneDrive\Documentos\Documentos BCL\Cursos\Full-Stack\Desarrollador JAVA (EBAC)\Módulos\Códigos\Módulo 65\2_MCREST\target\classes started by bladi in C:\Users\bladi\OneDrive\Documentos\Documentos BCL\Cursos\Full-Stack\Desarrollador JAVA (EBAC)\Módulos\Códigos\Módulo 65\2_MCREST)
26-11-2024 13:00:26,031-06:00 [main] INFO  c.ebac.modulo65.Modulo65Application - The following 1 profile is active: "dev"
26-11-2024 13:00:33,146-06:00 [main] INFO  c.ebac.modulo65.Modulo65Application - Started Modulo65Application in 7.789 seconds (process running for 8.888)
26-11-2024 13:01:10,583-06:00 [http-nio-8080-exec-1] INFO  c.e.m.controller.UsuarioController - Obteniendo Usuario por id 2
26-11-2024 13:02:04,870-06:00 [http-nio-8080-exec-3] INFO  c.e.m.controller.UsuarioController - Obteniendo Usuario por id 6
26-11-2024 13:06:20,859-06:00 [http-nio-8080-exec-5] INFO  c.e.m.controller.UsuarioController - Obteniendo Usuario por id 6
26-11-2024 13:07:11,938-06:00 [http-nio-8080-exec-7] INFO  c.e.m.controller.UsuarioController - Obteniendo Usuario por id 2
26-11-2024 13:07:26,224-06:00 [http-nio-8080-exec-9] INFO  c.e.m.controller.UsuarioController - Obteniendo Usuario por id 6
26-11-2024 13:41:04,399-06:00 [main] INFO  c.ebac.modulo65.Modulo65Application - Starting Modulo65Application using Java 17.0.11 with PID 3612 (C:\Users\bladi\OneDrive\Documentos\Documentos BCL\Cursos\Full-Stack\Desarrollador JAVA (EBAC)\Módulos\Códigos\Módulo 65\2_MCREST\target\classes started by bladi in C:\Users\bladi\OneDrive\Documentos\Documentos BCL\Cursos\Full-Stack\Desarrollador JAVA (EBAC)\Módulos\Códigos\Módulo 65\2_MCREST)
26-11-2024 13:41:04,403-06:00 [main] INFO  c.ebac.modulo65.Modulo65Application - The following 1 profile is active: "dev"
26-11-2024 13:41:12,941-06:00 [main] INFO  c.ebac.modulo65.Modulo65Application - Started Modulo65Application in 9.388 seconds (process running for 10.56)
26-11-2024 13:41:13,335-06:00 [http-nio-8080-exec-2] INFO  c.e.m.controller.TelefonoController - Obteniendo Lista de Telefonos
26-11-2024 13:41:33,657-06:00 [http-nio-8080-exec-3] INFO  c.e.m.controller.TelefonoController - Obteniendo Lista de Telefonos
26-11-2024 13:42:39,620-06:00 [http-nio-8080-exec-6] INFO  c.e.m.controller.TelefonoController - Obteniendo Telefono por id 1
26-11-2024 13:43:05,263-06:00 [http-nio-8080-exec-8] INFO  c.e.m.controller.TelefonoController - Obteniendo Telefono por id 6
26-11-2024 13:46:27,710-06:00 [http-nio-8080-exec-1] INFO  c.e.m.controller.UsuarioController - Obteniendo Lista de Usuarios
26-11-2024 13:46:59,366-06:00 [http-nio-8080-exec-2] INFO  c.e.m.controller.TelefonoController - Agregando Nuevo Telefono
26-11-2024 13:47:20,451-06:00 [http-nio-8080-exec-4] INFO  c.e.m.controller.TelefonoController - Obteniendo Lista de Telefonos
26-11-2024 13:47:40,704-06:00 [http-nio-8080-exec-5] INFO  c.e.m.controller.UsuarioController - Obteniendo Lista de Usuarios
26-11-2024 13:51:15,249-06:00 [http-nio-8080-exec-7] INFO  c.e.m.controller.TelefonoController - Actualizando Telefono por id 7
26-11-2024 13:51:34,815-06:00 [http-nio-8080-exec-10] INFO  c.e.m.controller.TelefonoController - Obteniendo Lista de Telefonos
26-11-2024 13:51:39,132-06:00 [http-nio-8080-exec-1] INFO  c.e.m.controller.UsuarioController - Obteniendo Lista de Usuarios
26-11-2024 13:52:28,730-06:00 [http-nio-8080-exec-2] INFO  c.e.m.controller.TelefonoController - Eliminado Telefono por id 7
26-11-2024 13:52:37,803-06:00 [http-nio-8080-exec-4] INFO  c.e.m.controller.TelefonoController - Obteniendo Lista de Telefonos
