27-11-2024 12:36:19,462-06:00 [main] INFO  c.ebac.modulo65.Modulo65Application - Starting Modulo65Application using Java 17.0.11 with PID 3140 (C:\Users\bladi\OneDrive\Documentos\Documentos BCL\Cursos\Full-Stack\Desarrollador JAVA (EBAC)\Módulos\Códigos\Módulo 65\2_MCREST\target\classes started by bladi in C:\Users\bladi\OneDrive\Documentos\Documentos BCL\Cursos\Full-Stack\Desarrollador JAVA (EBAC)\Módulos\Códigos\Módulo 65\2_MCREST)
27-11-2024 12:36:19,478-06:00 [main] INFO  c.ebac.modulo65.Modulo65Application - The following 1 profile is active: "dev"
27-11-2024 12:36:32,207-06:00 [main] INFO  c.ebac.modulo65.Modulo65Application - Started Modulo65Application in 13.89 seconds (process running for 15.911)
27-11-2024 12:36:52,040-06:00 [http-nio-8080-exec-1] INFO  c.e.m.controller.UsuarioController - Obteniendo Lista de Usuarios
27-11-2024 12:38:10,700-06:00 [http-nio-8080-exec-3] INFO  c.e.m.controller.UsuarioController - Obteniendo Usuario por id 6
27-11-2024 12:38:11,076-06:00 [http-nio-8080-exec-4] INFO  c.e.m.controller.TelefonoController - Actualizando Telefono por id 7
27-11-2024 12:38:11,105-06:00 [http-nio-8080-exec-5] INFO  c.e.m.controller.TelefonoController - Obteniendo Telefono por id 2
27-11-2024 12:38:11,140-06:00 [http-nio-8080-exec-6] INFO  c.e.m.controller.UsuarioController - Actualizando Usuario por id 14
27-11-2024 12:38:11,166-06:00 [http-nio-8080-exec-7] INFO  c.e.m.controller.UsuarioController - Eliminando Usuario por id 14
27-11-2024 12:38:11,213-06:00 [http-nio-8080-exec-8] INFO  c.e.m.controller.TelefonoController - Agregando Nuevo Telefono
27-11-2024 12:38:11,326-06:00 [http-nio-8080-exec-9] INFO  c.e.m.controller.UsuarioController - Obteniendo Lista de Usuarios
27-11-2024 12:38:11,362-06:00 [http-nio-8080-exec-10] INFO  c.e.m.controller.TelefonoController - Obteniendo Lista de Telefonos
27-11-2024 12:38:11,390-06:00 [http-nio-8080-exec-1] INFO  c.e.m.controller.TelefonoController - Eliminado Telefono por id 7
27-11-2024 12:38:11,413-06:00 [http-nio-8080-exec-2] INFO  c.e.m.controller.UsuarioController - Agregando Nuevo Usuario
27-11-2024 12:39:01,676-06:00 [http-nio-8080-exec-3] INFO  c.e.m.controller.UsuarioController - Obteniendo Usuario por id 2
27-11-2024 12:42:02,537-06:00 [http-nio-8080-exec-5] INFO  c.e.m.controller.UsuarioController - Obteniendo Lista de Usuarios
27-11-2024 12:42:22,088-06:00 [http-nio-8080-exec-8] INFO  c.e.m.controller.UsuarioController - Obteniendo Lista de Usuarios
27-11-2024 12:42:35,367-06:00 [http-nio-8080-exec-9] INFO  c.e.m.controller.UsuarioController - Eliminando Usuario por id 15
27-11-2024 12:42:39,341-06:00 [http-nio-8080-exec-10] INFO  c.e.m.controller.TelefonoController - Obteniendo Lista de Telefonos
27-11-2024 12:42:53,255-06:00 [http-nio-8080-exec-1] INFO  c.e.m.controller.TelefonoController - Eliminado Telefono por id 8
27-11-2024 12:43:04,010-06:00 [http-nio-8080-exec-2] INFO  c.e.m.controller.UsuarioController - Obteniendo Usuario por id 2
27-11-2024 12:43:57,429-06:00 [http-nio-8080-exec-5] INFO  c.e.m.controller.TelefonoController - Obteniendo Lista de Telefonos
27-11-2024 12:44:11,433-06:00 [http-nio-8080-exec-7] INFO  c.e.m.controller.TelefonoController - Obteniendo Telefono por id 2
27-11-2024 12:44:42,352-06:00 [http-nio-8080-exec-9] INFO  c.e.m.controller.UsuarioController - Obteniendo Usuario por id 2
27-11-2024 12:45:27,790-06:00 [http-nio-8080-exec-1] INFO  c.e.m.controller.UsuarioController - Obteniendo Usuario por id 6
27-11-2024 12:45:41,743-06:00 [http-nio-8080-exec-3] INFO  c.e.m.controller.UsuarioController - Obteniendo Usuario por id 2
27-11-2024 12:46:41,517-06:00 [http-nio-8080-exec-5] INFO  c.e.m.controller.UsuarioController - Obteniendo Usuario por id 2
27-11-2024 12:47:18,539-06:00 [http-nio-8080-exec-7] INFO  c.e.m.controller.UsuarioController - Obteniendo Usuario por id 2
27-11-2024 12:47:30,884-06:00 [http-nio-8080-exec-9] INFO  c.e.m.controller.UsuarioController - Obteniendo Lista de Usuarios
27-11-2024 12:47:46,203-06:00 [http-nio-8080-exec-1] INFO  c.e.m.controller.TelefonoController - Obteniendo Lista de Telefonos
27-11-2024 12:48:00,762-06:00 [http-nio-8080-exec-3] INFO  c.e.m.controller.TelefonoController - Obteniendo Telefono por id 2
27-11-2024 16:23:41,939-06:00 [main] INFO  c.ebac.modulo65.Modulo65Application - Starting Modulo65Application using Java 17.0.11 with PID 9816 (C:\Users\bladi\OneDrive\Documentos\Documentos BCL\Cursos\Full-Stack\Desarrollador JAVA (EBAC)\Módulos\Códigos\Módulo 65\2_MCREST\target\classes started by bladi in C:\Users\bladi\OneDrive\Documentos\Documentos BCL\Cursos\Full-Stack\Desarrollador JAVA (EBAC)\Módulos\Códigos\Módulo 65\2_MCREST)
27-11-2024 16:23:41,944-06:00 [main] INFO  c.ebac.modulo65.Modulo65Application - The following 1 profile is active: "dev"
27-11-2024 16:23:50,165-06:00 [main] INFO  c.ebac.modulo65.Modulo65Application - Started Modulo65Application in 9.009 seconds (process running for 10.197)
27-11-2024 16:24:25,946-06:00 [http-nio-8080-exec-1] INFO  c.e.m.controller.TelefonoController - Obteniendo Telefono por id 2
27-11-2024 16:27:05,860-06:00 [http-nio-8080-exec-3] INFO  c.e.m.controller.UsuarioController - Obteniendo Lista de Usuarios
27-11-2024 16:28:36,650-06:00 [http-nio-8080-exec-5] INFO  c.e.m.controller.UsuarioController - Obteniendo Usuario por id 2
27-11-2024 16:28:40,630-06:00 [http-nio-8080-exec-6] INFO  c.e.m.controller.UsuarioController - Obteniendo Usuario por id 4
27-11-2024 17:31:34,212-06:00 [http-nio-8080-exec-8] INFO  c.e.m.controller.UsuarioController - Obteniendo Lista de Usuarios
27-11-2024 17:31:51,561-06:00 [http-nio-8080-exec-9] INFO  c.e.m.controller.UsuarioController - Agregando Nuevo Usuario
27-11-2024 17:31:59,236-06:00 [http-nio-8080-exec-10] INFO  c.e.m.controller.UsuarioController - Agregando Nuevo Usuario
27-11-2024 17:32:02,319-06:00 [http-nio-8080-exec-1] INFO  c.e.m.controller.UsuarioController - Obteniendo Lista de Usuarios
27-11-2024 17:32:05,285-06:00 [http-nio-8080-exec-2] INFO  c.e.m.controller.UsuarioController - Obteniendo Usuario por id 16
27-11-2024 17:33:30,796-06:00 [http-nio-8080-exec-4] INFO  c.e.m.controller.UsuarioController - Obteniendo Usuario por id 16
27-11-2024 17:33:43,075-06:00 [http-nio-8080-exec-5] INFO  c.e.m.controller.UsuarioController - Agregando Nuevo Usuario
27-11-2024 17:33:44,330-06:00 [http-nio-8080-exec-6] INFO  c.e.m.controller.UsuarioController - Obteniendo Lista de Usuarios
27-11-2024 17:33:54,877-06:00 [http-nio-8080-exec-7] INFO  c.e.m.controller.UsuarioController - Obteniendo Usuario por id 16
27-11-2024 17:35:43,036-06:00 [http-nio-8080-exec-9] INFO  c.e.m.controller.UsuarioController - Obteniendo Lista de Usuarios
27-11-2024 17:35:50,029-06:00 [http-nio-8080-exec-10] INFO  c.e.m.controller.UsuarioController - Obteniendo Usuario por id 16
27-11-2024 17:35:52,511-06:00 [http-nio-8080-exec-1] INFO  c.e.m.controller.UsuarioController - Obteniendo Lista de Usuarios
27-11-2024 17:35:54,386-06:00 [http-nio-8080-exec-2] INFO  c.e.m.controller.UsuarioController - Obteniendo Usuario por id 16
27-11-2024 17:44:08,073-06:00 [http-nio-8080-exec-4] INFO  c.e.m.controller.UsuarioController - Obteniendo Usuario por id 16
27-11-2024 17:44:25,422-06:00 [http-nio-8080-exec-5] INFO  c.e.m.controller.UsuarioController - Obteniendo Usuario por id 4
27-11-2024 17:44:54,932-06:00 [http-nio-8080-exec-6] INFO  c.e.m.controller.UsuarioController - Obteniendo Usuario por id 16
27-11-2024 17:48:20,409-06:00 [http-nio-8080-exec-8] INFO  c.e.m.controller.UsuarioController - Obteniendo Lista de Usuarios
27-11-2024 17:48:22,315-06:00 [http-nio-8080-exec-9] INFO  c.e.m.controller.UsuarioController - Obteniendo Usuario por id 16
27-11-2024 17:48:49,783-06:00 [http-nio-8080-exec-1] INFO  c.e.m.controller.UsuarioController - Obteniendo Lista de Usuarios
27-11-2024 17:48:51,537-06:00 [http-nio-8080-exec-2] INFO  c.e.m.controller.UsuarioController - Obteniendo Usuario por id 16
27-11-2024 17:49:25,967-06:00 [http-nio-8080-exec-3] INFO  c.e.m.controller.UsuarioController - Agregando Nuevo Usuario
27-11-2024 17:49:27,338-06:00 [http-nio-8080-exec-4] INFO  c.e.m.controller.UsuarioController - Obteniendo Lista de Usuarios
27-11-2024 17:49:53,222-06:00 [http-nio-8080-exec-5] INFO  c.e.m.controller.UsuarioController - Obteniendo Usuario por id 16
27-11-2024 17:51:03,647-06:00 [http-nio-8080-exec-7] INFO  c.e.m.controller.UsuarioController - Obteniendo Lista de Usuarios
27-11-2024 17:51:04,446-06:00 [http-nio-8080-exec-8] INFO  c.e.m.controller.UsuarioController - Obteniendo Usuario por id 2
27-11-2024 17:51:06,189-06:00 [http-nio-8080-exec-9] INFO  c.e.m.controller.UsuarioController - Obteniendo Lista de Usuarios
